[18/May/2022:11:55:47] (I): WordPress Instance Info:
[18/May/2022:11:55:47] (I): Home URL : http://localhost/Projet%20(Worldpress)
[18/May/2022:11:55:47] (I): Site URL : http://localhost/Projet%20(Worldpress)
[18/May/2022:11:55:47] (I): WordPress Version : 5.9.3
[18/May/2022:11:55:47] (I): Onboarding Version : 1.1.21
[18/May/2022:11:55:47] (I): Multisite : No
[18/May/2022:11:55:47] (I): Server Info : Apache/2.4.47 (Win64) OpenSSL/1.1.1k mod_fcgid/2.3.10-dev
[18/May/2022:11:55:47] (I): PHP Version : 7.4.27
[18/May/2022:11:55:47] (I): HTTPS : No
[18/May/2022:11:55:47] (I): PHP Max Execution Time : 36000
[18/May/2022:11:55:47] (I): PHP Max Input Vars : 1000
[18/May/2022:11:55:47] (I): Max Upload Size : 2147483648
[18/May/2022:11:55:47] (I): Plugins:
[18/May/2022:11:55:47] (I): [PLUGIN] Brizy : v2.4.0 (Brizy.io)
[18/May/2022:11:55:47] (I): [PLUGIN] Classic Menu Block : v0.1.5 (Jonathan Harris)
[18/May/2022:11:55:47] (I): [PLUGIN] Contact Form 7 : v5.5.6.1 (Takayuki Miyoshi)
[18/May/2022:11:55:47] (I): [PLUGIN] Facebook Like Box : v2.9 (Sunento Agustiar Wu)
[18/May/2022:11:55:47] (I): [PLUGIN] Flamingo : v2.2.3 (Takayuki Miyoshi)
[18/May/2022:11:55:47] (I): [PLUGIN] Gutenberg Blocks and Template Library by Otter : v2.0.4 (ThemeIsle)
[18/May/2022:11:55:47] (I): [PLUGIN] Templates Patterns Collection : v1.1.21 (ThemeIsle)
[18/May/2022:11:55:47] (P): Saving remote XML
[18/May/2022:11:55:47] (S): Saved remote XML at path C:\laragon\www\Projet (Worldpress)/wp-content/uploads/themeisle-demo-import.xml.
[18/May/2022:11:55:47] (P): Starting content import...
[18/May/2022:11:55:47] (S): Import started.
[18/May/2022:11:55:47] (S): Parsing XML file.
[18/May/2022:11:55:47] (P): Starting parsing file:C:\laragon\www\Projet (Worldpress)/wp-content/uploads/themeisle-demo-import.xml
[18/May/2022:11:55:47] (P): Using WXR_Parser_SimpleXML...
[18/May/2022:11:55:47] (S): Parsed XML
[18/May/2022:11:55:47] (P): Processing categories...
[18/May/2022:11:55:48] (S): Processed categories.
[18/May/2022:11:55:48] (P): Processing tags...
[18/May/2022:11:55:48] (S): No tags to process.
[18/May/2022:11:55:48] (P): Processing terms...
[18/May/2022:11:55:48] (W): Failed to import elementor_library_type page
[18/May/2022:11:55:48] (E): Taxonomie non valide.
[18/May/2022:11:55:48] (W): Failed to import elementor_library_type section
[18/May/2022:11:55:48] (E): Taxonomie non valide.
[18/May/2022:11:55:48] (S): Processed terms.
[18/May/2022:11:55:48] (P): Processing posts...
[18/May/2022:11:55:48] (P): Processing attachment: https://s33834.pcdn.co/photography-gb/wp-content/uploads/sites/561/2019/09/neve-photography-icon.png...
[18/May/2022:11:55:48] (P): Fetching attachment from url: https://s33834.pcdn.co/photography-gb/wp-content/uploads/sites/561/2019/09/neve-photography-icon.png...
[18/May/2022:11:55:48] (S): Fetched remote attachment.
[18/May/2022:11:55:48] (P): Inserting attachment...
[18/May/2022:11:55:48] (S): Attachment inserted
[18/May/2022:11:55:48] (S): Processed attachment.
[18/May/2022:11:55:48] (P): Processing attachment: https://s33834.pcdn.co/photography-gb/wp-content/uploads/sites/561/2019/09/neve-photography-demo-01.jpg...
[18/May/2022:11:55:48] (P): Fetching attachment from url: https://s33834.pcdn.co/photography-gb/wp-content/uploads/sites/561/2019/09/neve-photography-demo-01.jpg...
[18/May/2022:11:55:48] (S): Fetched remote attachment.
[18/May/2022:11:55:48] (P): Inserting attachment...
[18/May/2022:11:55:48] (S): Attachment inserted
[18/May/2022:11:55:48] (S): Processed attachment.
[18/May/2022:11:55:48] (P): Processing attachment: https://s33834.pcdn.co/photography-gb/wp-content/uploads/sites/561/2019/09/neve-photography-demo-02.jpg...
[18/May/2022:11:55:48] (P): Fetching attachment from url: https://s33834.pcdn.co/photography-gb/wp-content/uploads/sites/561/2019/09/neve-photography-demo-02.jpg...
[18/May/2022:11:55:48] (S): Fetched remote attachment.
[18/May/2022:11:55:48] (P): Inserting attachment...
[18/May/2022:11:55:49] (S): Attachment inserted
[18/May/2022:11:55:49] (S): Processed attachment.
[18/May/2022:11:55:49] (P): Processing attachment: https://s33834.pcdn.co/photography-gb/wp-content/uploads/sites/561/2019/09/neve-photography-demo-03.jpg...
[18/May/2022:11:55:49] (P): Fetching attachment from url: https://s33834.pcdn.co/photography-gb/wp-content/uploads/sites/561/2019/09/neve-photography-demo-03.jpg...
[18/May/2022:11:55:49] (S): Fetched remote attachment.
[18/May/2022:11:55:49] (P): Inserting attachment...
[18/May/2022:11:55:49] (S): Attachment inserted
[18/May/2022:11:55:49] (S): Processed attachment.
[18/May/2022:11:55:49] (P): Processing attachment: https://s33834.pcdn.co/photography-gb/wp-content/uploads/sites/561/2019/09/neve-photography-demo-04.jpg...
[18/May/2022:11:55:49] (P): Fetching attachment from url: https://s33834.pcdn.co/photography-gb/wp-content/uploads/sites/561/2019/09/neve-photography-demo-04.jpg...
[18/May/2022:11:55:49] (S): Fetched remote attachment.
[18/May/2022:11:55:49] (P): Inserting attachment...
[18/May/2022:11:55:49] (S): Attachment inserted
[18/May/2022:11:55:49] (S): Processed attachment.
[18/May/2022:11:55:49] (P): Processing attachment: https://s33834.pcdn.co/photography-gb/wp-content/uploads/sites/561/2019/09/neve-photography-demo-05.jpg...
[18/May/2022:11:55:49] (P): Fetching attachment from url: https://s33834.pcdn.co/photography-gb/wp-content/uploads/sites/561/2019/09/neve-photography-demo-05.jpg...
[18/May/2022:11:55:49] (S): Fetched remote attachment.
[18/May/2022:11:55:49] (P): Inserting attachment...
[18/May/2022:11:55:49] (S): Attachment inserted
[18/May/2022:11:55:49] (S): Processed attachment.
[18/May/2022:11:55:50] (P): Processing attachment: https://s33834.pcdn.co/photography-gb/wp-content/uploads/sites/561/2019/09/neve-photography-demo-06.jpg...
[18/May/2022:11:55:50] (P): Fetching attachment from url: https://s33834.pcdn.co/photography-gb/wp-content/uploads/sites/561/2019/09/neve-photography-demo-06.jpg...
[18/May/2022:11:55:50] (S): Fetched remote attachment.
[18/May/2022:11:55:50] (P): Inserting attachment...
[18/May/2022:11:55:50] (S): Attachment inserted
[18/May/2022:11:55:50] (S): Processed attachment.
[18/May/2022:11:55:50] (P): Processing attachment: https://s33834.pcdn.co/photography-gb/wp-content/uploads/sites/561/2019/09/neve-photography-demo-07.jpg...
[18/May/2022:11:55:50] (P): Fetching attachment from url: https://s33834.pcdn.co/photography-gb/wp-content/uploads/sites/561/2019/09/neve-photography-demo-07.jpg...
[18/May/2022:11:55:50] (S): Fetched remote attachment.
[18/May/2022:11:55:50] (P): Inserting attachment...
[18/May/2022:11:55:50] (S): Attachment inserted
[18/May/2022:11:55:50] (S): Processed attachment.
[18/May/2022:11:55:50] (P): Processing attachment: https://s33834.pcdn.co/photography-gb/wp-content/uploads/sites/561/2019/09/neve-photography-demo-08.jpg...
[18/May/2022:11:55:50] (P): Fetching attachment from url: https://s33834.pcdn.co/photography-gb/wp-content/uploads/sites/561/2019/09/neve-photography-demo-08.jpg...
[18/May/2022:11:55:50] (S): Fetched remote attachment.
[18/May/2022:11:55:50] (P): Inserting attachment...
[18/May/2022:11:55:50] (S): Attachment inserted
[18/May/2022:11:55:50] (S): Processed attachment.
[18/May/2022:11:55:50] (P): Processing attachment: https://s33834.pcdn.co/photography-gb/wp-content/uploads/sites/561/2019/09/neve-photography-demo-09.jpg...
[18/May/2022:11:55:50] (P): Fetching attachment from url: https://s33834.pcdn.co/photography-gb/wp-content/uploads/sites/561/2019/09/neve-photography-demo-09.jpg...
[18/May/2022:11:55:50] (S): Fetched remote attachment.
[18/May/2022:11:55:50] (P): Inserting attachment...
[18/May/2022:11:55:50] (S): Attachment inserted
[18/May/2022:11:55:50] (S): Processed attachment.
[18/May/2022:11:55:50] (P): Processing attachment: https://s33834.pcdn.co/photography-gb/wp-content/uploads/sites/561/2019/09/neve-photography-demo-10.jpg...
[18/May/2022:11:55:50] (P): Fetching attachment from url: https://s33834.pcdn.co/photography-gb/wp-content/uploads/sites/561/2019/09/neve-photography-demo-10.jpg...
[18/May/2022:11:55:50] (S): Fetched remote attachment.
[18/May/2022:11:55:50] (P): Inserting attachment...
[18/May/2022:11:55:50] (S): Attachment inserted
[18/May/2022:11:55:50] (S): Processed attachment.
[18/May/2022:11:55:50] (P): Processing attachment: https://s33834.pcdn.co/photography-gb/wp-content/uploads/sites/561/2019/09/neve-photography-demo-11.jpg...
[18/May/2022:11:55:50] (P): Fetching attachment from url: https://s33834.pcdn.co/photography-gb/wp-content/uploads/sites/561/2019/09/neve-photography-demo-11.jpg...
[18/May/2022:11:55:51] (S): Fetched remote attachment.
[18/May/2022:11:55:51] (P): Inserting attachment...
[18/May/2022:11:55:51] (S): Attachment inserted
[18/May/2022:11:55:51] (S): Processed attachment.
[18/May/2022:11:55:51] (P): Processing attachment: https://s33834.pcdn.co/photography-gb/wp-content/uploads/sites/561/2019/09/neve-photography-demo-12.jpg...
[18/May/2022:11:55:51] (P): Fetching attachment from url: https://s33834.pcdn.co/photography-gb/wp-content/uploads/sites/561/2019/09/neve-photography-demo-12.jpg...
[18/May/2022:11:55:51] (S): Fetched remote attachment.
[18/May/2022:11:55:51] (P): Inserting attachment...
[18/May/2022:11:55:51] (S): Attachment inserted
[18/May/2022:11:55:51] (S): Processed attachment.
[18/May/2022:11:55:51] (P): Processing attachment: https://s33834.pcdn.co/photography-gb/wp-content/uploads/sites/561/2019/09/neve-photography-demo-13.jpg...
[18/May/2022:11:55:51] (P): Fetching attachment from url: https://s33834.pcdn.co/photography-gb/wp-content/uploads/sites/561/2019/09/neve-photography-demo-13.jpg...
[18/May/2022:11:55:51] (S): Fetched remote attachment.
[18/May/2022:11:55:51] (P): Inserting attachment...
[18/May/2022:11:55:51] (S): Attachment inserted
[18/May/2022:11:55:51] (S): Processed attachment.
[18/May/2022:11:55:51] (P): Processing attachment: https://s33834.pcdn.co/photography-gb/wp-content/uploads/sites/561/2019/09/neve-photography-demo-14.jpg...
[18/May/2022:11:55:51] (P): Fetching attachment from url: https://s33834.pcdn.co/photography-gb/wp-content/uploads/sites/561/2019/09/neve-photography-demo-14.jpg...
[18/May/2022:11:55:51] (S): Fetched remote attachment.
[18/May/2022:11:55:51] (P): Inserting attachment...
[18/May/2022:11:55:51] (S): Attachment inserted
[18/May/2022:11:55:51] (S): Processed attachment.
[18/May/2022:11:55:51] (P): Processing attachment: https://s33834.pcdn.co/photography-gb/wp-content/uploads/sites/561/2019/09/neve-photography-demo-15.jpg...
[18/May/2022:11:55:51] (P): Fetching attachment from url: https://s33834.pcdn.co/photography-gb/wp-content/uploads/sites/561/2019/09/neve-photography-demo-15.jpg...
[18/May/2022:11:55:51] (S): Fetched remote attachment.
[18/May/2022:11:55:51] (P): Inserting attachment...
[18/May/2022:11:55:51] (S): Attachment inserted
[18/May/2022:11:55:51] (S): Processed attachment.
[18/May/2022:11:55:51] (P): Processing attachment: https://s33834.pcdn.co/photography-gb/wp-content/uploads/sites/561/2019/09/neve-photography-demo-16.jpg...
[18/May/2022:11:55:51] (P): Fetching attachment from url: https://s33834.pcdn.co/photography-gb/wp-content/uploads/sites/561/2019/09/neve-photography-demo-16.jpg...
[18/May/2022:11:55:52] (S): Fetched remote attachment.
[18/May/2022:11:55:52] (P): Inserting attachment...
[18/May/2022:11:55:52] (S): Attachment inserted
[18/May/2022:11:55:52] (S): Processed attachment.
[18/May/2022:11:55:52] (P): Processing attachment: https://s33834.pcdn.co/photography-gb/wp-content/uploads/sites/561/2019/09/neve-photography-demo-17.jpg...
[18/May/2022:11:55:52] (P): Fetching attachment from url: https://s33834.pcdn.co/photography-gb/wp-content/uploads/sites/561/2019/09/neve-photography-demo-17.jpg...
[18/May/2022:11:55:52] (S): Fetched remote attachment.
[18/May/2022:11:55:52] (P): Inserting attachment...
[18/May/2022:11:55:52] (S): Attachment inserted
[18/May/2022:11:55:52] (S): Processed attachment.
[18/May/2022:11:55:52] (P): Processing attachment: https://s33834.pcdn.co/photography-gb/wp-content/uploads/sites/561/2019/09/neve-photography-demo-18.jpg...
[18/May/2022:11:55:52] (P): Fetching attachment from url: https://s33834.pcdn.co/photography-gb/wp-content/uploads/sites/561/2019/09/neve-photography-demo-18.jpg...
[18/May/2022:11:55:52] (S): Fetched remote attachment.
[18/May/2022:11:55:52] (P): Inserting attachment...
[18/May/2022:11:55:52] (S): Attachment inserted
[18/May/2022:11:55:52] (S): Processed attachment.
[18/May/2022:11:55:52] (P): Processing attachment: https://s33834.pcdn.co/photography-gb/wp-content/uploads/sites/561/2020/07/a.png...
[18/May/2022:11:55:52] (P): Fetching attachment from url: https://s33834.pcdn.co/photography-gb/wp-content/uploads/sites/561/2020/07/a.png...
[18/May/2022:11:55:52] (S): Fetched remote attachment.
[18/May/2022:11:55:52] (P): Inserting attachment...
[18/May/2022:11:55:52] (S): Attachment inserted
[18/May/2022:11:55:52] (S): Processed attachment.
[18/May/2022:11:55:52] (P): Inserting page: Blog .
[18/May/2022:11:55:52] (S): Done inserting page: Blog .
[18/May/2022:11:55:52] (P): Inserting custom_css: neve .
[18/May/2022:11:55:52] (S): Done inserting custom_css: neve .
[18/May/2022:11:55:52] (P): Processing single menu item ' '...
[18/May/2022:11:55:52] (S): Processed single menu item.
[18/May/2022:11:55:52] (P): Inserting custom_css: neve .
[18/May/2022:11:55:52] (S): Done inserting custom_css: neve .
[18/May/2022:11:55:52] (P): Inserting page: Home .
[18/May/2022:11:55:52] (S): Done inserting page: Home .
[18/May/2022:11:55:52] (P): Processing attachment: https://s33834.pcdn.co/photography-gb/wp-content/uploads/sites/561/2020/07/b.png...
[18/May/2022:11:55:52] (P): Fetching attachment from url: https://s33834.pcdn.co/photography-gb/wp-content/uploads/sites/561/2020/07/b.png...
[18/May/2022:11:55:53] (S): Fetched remote attachment.
[18/May/2022:11:55:53] (P): Inserting attachment...
[18/May/2022:11:55:53] (S): Attachment inserted
[18/May/2022:11:55:53] (S): Processed attachment.
[18/May/2022:11:55:53] (P): Inserting page: About .
[18/May/2022:11:55:53] (S): Done inserting page: About .
[18/May/2022:11:55:53] (P): Inserting page: Portfolio .
[18/May/2022:11:55:53] (S): Done inserting page: Portfolio .
[18/May/2022:11:55:53] (P): Inserting page: Artwork .
[18/May/2022:11:55:53] (S): Done inserting page: Artwork .
[18/May/2022:11:55:53] (P): Inserting page: Contact .
[18/May/2022:11:55:53] (S): Done inserting page: Contact .
[18/May/2022:11:55:53] (P): Processing single menu item ' '...
[18/May/2022:11:55:53] (S): Processed single menu item.
[18/May/2022:11:55:53] (P): Processing single menu item ' '...
[18/May/2022:11:55:53] (S): Processed single menu item.
[18/May/2022:11:55:53] (P): Processing single menu item ' '...
[18/May/2022:11:55:53] (S): Processed single menu item.
[18/May/2022:11:55:53] (P): Processing single menu item ' '...
[18/May/2022:11:55:53] (S): Processed single menu item.
[18/May/2022:11:55:53] (P): Processing single menu item ' '...
[18/May/2022:11:55:53] (S): Processed single menu item.
[18/May/2022:11:55:53] (P): Processing attachment: https://s33834.pcdn.co/photography-gb/wp-content/uploads/sites/561/2020/08/map.png...
[18/May/2022:11:55:53] (P): Fetching attachment from url: https://s33834.pcdn.co/photography-gb/wp-content/uploads/sites/561/2020/08/map.png...
[18/May/2022:11:55:54] (S): Fetched remote attachment.
[18/May/2022:11:55:54] (P): Inserting attachment...
[18/May/2022:11:55:54] (S): Attachment inserted
[18/May/2022:11:55:54] (S): Processed attachment.
[18/May/2022:11:55:54] (P): Processing attachment: https://s33834.pcdn.co/photography-gb/wp-content/uploads/sites/561/2020/11/fa-camera-1.png...
[18/May/2022:11:55:54] (P): Fetching attachment from url: https://s33834.pcdn.co/photography-gb/wp-content/uploads/sites/561/2020/11/fa-camera-1.png...
[18/May/2022:11:55:54] (S): Fetched remote attachment.
[18/May/2022:11:55:54] (P): Inserting attachment...
[18/May/2022:11:55:54] (S): Attachment inserted
[18/May/2022:11:55:54] (S): Processed attachment.
[18/May/2022:11:55:54] (P): Processing attachment: https://s33834.pcdn.co/photography-gb/wp-content/uploads/sites/561/2021/03/lgo1.png...
[18/May/2022:11:55:54] (P): Fetching attachment from url: https://s33834.pcdn.co/photography-gb/wp-content/uploads/sites/561/2021/03/lgo1.png...
[18/May/2022:11:55:54] (S): Fetched remote attachment.
[18/May/2022:11:55:54] (P): Inserting attachment...
[18/May/2022:11:55:54] (S): Attachment inserted
[18/May/2022:11:55:54] (S): Processed attachment.
[18/May/2022:11:55:54] (P): Inserting wp_block: hero .
[18/May/2022:11:55:54] (S): Done inserting wp_block: hero .
[18/May/2022:11:55:54] (P): Inserting wp_block: about 2 .
[18/May/2022:11:55:54] (S): Done inserting wp_block: about 2 .
[18/May/2022:11:55:54] (P): Inserting wp_block: about 3 .
[18/May/2022:11:55:54] (S): Done inserting wp_block: about 3 .
[18/May/2022:11:55:54] (P): Inserting wp_block: img on right left text .
[18/May/2022:11:55:54] (S): Done inserting wp_block: img on right left text .
[18/May/2022:11:55:54] (P): Inserting wp_block: p 1 .
[18/May/2022:11:55:54] (S): Done inserting wp_block: p 1 .
[18/May/2022:11:55:54] (P): Inserting wp_block: p2 .
[18/May/2022:11:55:54] (S): Done inserting wp_block: p2 .
[18/May/2022:11:55:54] (P): Inserting wp_block: A1 .
[18/May/2022:11:55:54] (S): Done inserting wp_block: A1 .
[18/May/2022:11:55:54] (P): Inserting wp_block: A2 .
[18/May/2022:11:55:54] (S): Done inserting wp_block: A2 .
[18/May/2022:11:55:54] (P): Inserting wp_block: A3 .
[18/May/2022:11:55:54] (S): Done inserting wp_block: A3 .
[18/May/2022:11:55:54] (P): Inserting wp_block: A4 .
[18/May/2022:11:55:54] (S): Done inserting wp_block: A4 .
[18/May/2022:11:55:54] (P): Inserting wp_block: ontact form .
[18/May/2022:11:55:54] (S): Done inserting wp_block: ontact form .
[18/May/2022:11:55:54] (P): Inserting wp_block: socials .
[18/May/2022:11:55:54] (S): Done inserting wp_block: socials .
[18/May/2022:11:55:54] (P): Inserting wp_block: section a .
[18/May/2022:11:55:54] (S): Done inserting wp_block: section a .
[18/May/2022:11:55:54] (P): Inserting wp_block: Icons .
[18/May/2022:11:55:54] (S): Done inserting wp_block: Icons .
[18/May/2022:11:55:54] (P): Inserting wp_block: white-button .
[18/May/2022:11:55:54] (S): Done inserting wp_block: white-button .
[18/May/2022:11:55:54] (P): Inserting wp_block: Banner .
[18/May/2022:11:55:54] (S): Done inserting wp_block: Banner .
[18/May/2022:11:55:54] (S): Processed posts.
[18/May/2022:11:55:54] (P): Cleaning up import with id ...
[18/May/2022:11:55:54] (P): Done cleanup. Flushing cache...
[18/May/2022:11:55:54] (P): Flushed cache. Removing temporary data..
[18/May/2022:11:55:54] (S): Done importing
[18/May/2022:11:55:54] (P): Busting elementor cache
[18/May/2022:11:55:54] (S): Front page set up with id: 456.
